<?xml version="1.0" encoding="UTF-8"?>
<testng-results ignored="0" total="1" passed="1" failed="0" skipped="0">
  <reporter-output>
  </reporter-output>
  <suite started-at="2026-05-23T23:12:04 IST" name="Default suite" finished-at="2026-05-23T23:12:15 IST" duration-ms="11683">
    <groups>
    </groups>
    <test started-at="2026-05-23T23:12:04 IST" name="Default test" finished-at="2026-05-23T23:12:15 IST" duration-ms="11683">
      <class name="SpiceJetCalenderAutomation">
        <test-method signature="JetTest()[pri:0, instance:SpiceJetCalenderAutomation@4c371370]" started-at="2026-05-23T23:12:04 IST" name="JetTest" finished-at="2026-05-23T23:12:15 IST" duration-ms="11630" status="PASS">
          <reporter-output>
          </reporter-output>
        </test-method> <!-- JetTest -->
      </class> <!-- SpiceJetCalenderAutomation -->
    </test> <!-- Default test -->
  </suite> <!-- Default suite -->
</testng-results>
